time=2025-09-12 15 | level=INFO | thread=background-preinit | logger=Version.<clinit>:21 | msg=HV000001: Hibernate Validator 8.0.2.Final
time=2025-09-12 15 | level=INFO | thread=restartedMain | logger=AirlinesManagementApplication.logStarting:53 | msg=Starting AirlinesManagementApplication using Java 23.0.1 with PID 37288 (C:\Users\sanat.a.kumar\eclipse-workspace\AirlinesManagement\target\classes started by sanat.a.kumar in C:\Users\sanat.a.kumar\eclipse-workspace\AirlinesManagement)
time=2025-09-12 15 | level=INFO | thread=restartedMain | logger=AirlinesManagementApplication.logStartupProfileInfo:652 | msg=No active profile set, falling back to 1 default profile: "default"
time=2025-09-12 15 | level=INFO | thread=restartedMain | logger=DevToolsPropertyDefaultsPostProcessor.logTo:252 | msg=Devtools property defaults active! Set 'spring.devtools.add-properties' to 'false' to disable
time=2025-09-12 15 | level=INFO | thread=restartedMain | logger=DevToolsPropertyDefaultsPostProcessor.logTo:252 | msg=For additional web related logging consider setting the 'logging.level.web' property to 'DEBUG'
time=2025-09-12 15 | level=INFO | thread=restartedMain | logger=RepositoryConfigurationDelegate.registerRepositoriesIn:145 | msg=Bootstrapping Spring Data JPA repositories in DEFAULT mode.
time=2025-09-12 15 | level=INFO | thread=restartedMain | logger=RepositoryConfigurationDelegate.registerRepositoriesIn:213 | msg=Finished Spring Data repository scanning in 214 ms. Found 3 JPA repository interfaces.
time=2025-09-12 15 | level=INFO | thread=restartedMain | logger=TomcatWebServer.initialize:111 | msg=Tomcat initialized with port 8080 (http)
time=2025-09-12 15 | level=INFO | thread=restartedMain | logger=Http11NioProtocol.log:168 | msg=Initializing ProtocolHandler ["http-nio-8080"]
time=2025-09-12 15 | level=INFO | thread=restartedMain | logger=StandardService.log:168 | msg=Starting service [Tomcat]
time=2025-09-12 15 | level=INFO | thread=restartedMain | logger=StandardEngine.log:168 | msg=Starting Servlet engine: [Apache Tomcat/10.1.43]
time=2025-09-12 15 | level=INFO | thread=restartedMain | logger=[/].log:168 | msg=Initializing Spring embedded WebApplicationContext
time=2025-09-12 15 | level=INFO | thread=restartedMain | logger=ServletWebServerApplicationContext.prepareWebApplicationContext:301 | msg=Root WebApplicationContext: initialization completed in 5465 ms
time=2025-09-12 15 | level=INFO | thread=restartedMain | logger=LogHelper.logPersistenceUnitInformation:31 | msg=HHH000204: Processing PersistenceUnitInfo [name: default]
time=2025-09-12 15 | level=INFO | thread=restartedMain | logger=Version.logVersion:44 | msg=HHH000412: Hibernate ORM core version 6.6.22.Final
time=2025-09-12 15 | level=INFO | thread=restartedMain | logger=RegionFactoryInitiator.initiateService:50 | msg=HHH000026: Second-level cache disabled
time=2025-09-12 15 | level=INFO | thread=restartedMain | logger=SpringPersistenceUnitInfo.addTransformer:87 | msg=No LoadTimeWeaver setup: ignoring JPA class transformer
time=2025-09-12 15 | level=INFO | thread=restartedMain | logger=HikariDataSource.getConnection:109 | msg=HikariPool-1 - Starting...
time=2025-09-12 15 | level=INFO | thread=restartedMain | logger=HikariPool.checkFailFast:580 | msg=HikariPool-1 - Added connection com.mysql.cj.jdbc.ConnectionImpl@26dddadc
time=2025-09-12 15 | level=INFO | thread=restartedMain | logger=HikariDataSource.getConnection:122 | msg=HikariPool-1 - Start completed.
time=2025-09-12 15 | level=INFO | thread=restartedMain | logger=pooling.logConnectionInfo:163 | msg=HHH10001005: Database info:
	Database JDBC URL [Connecting through datasource 'HikariDataSource (HikariPool-1)']
	Database driver: undefined/unknown
	Database version: 8.4
	Autocommit mode: undefined/unknown
	Isolation level: undefined/unknown
	Minimum pool size: undefined/unknown
	Maximum pool size: undefined/unknown
time=2025-09-12 15 | level=INFO | thread=restartedMain | logger=JtaPlatformInitiator.initiateService:59 | msg=HHH000489: No JTA platform available (set 'hibernate.transaction.jta.platform' to enable JTA platform integration)
time=2025-09-12 15 | level=INFO | thread=restartedMain | logger=LocalContainerEntityManagerFactoryBean.buildNativeEntityManagerFactory:447 | msg=Initialized JPA EntityManagerFactory for persistence unit 'default'
time=2025-09-12 15 | level=INFO | thread=restartedMain | logger=QueryEnhancerFactory.<clinit>:49 | msg=Hibernate is in classpath; If applicable, HQL parser will be used.
time=2025-09-12 15 | level=INFO | thread=restartedMain | logger=InitializeAuthenticationProviderBeanManagerConfigurer$InitializeAuthenticationProviderManagerConfigurer.configure:80 | msg=Global AuthenticationManager configured with AuthenticationProvider bean with name authProvider
time=2025-09-12 15 | level=WARN | thread=restartedMain | logger=InitializeUserDetailsBeanManagerConfigurer$InitializeUserDetailsManagerConfigurer.configure:73 | msg=Global AuthenticationManager configured with an AuthenticationProvider bean. UserDetailsService beans will not be used by Spring Security for automatically configuring username/password login. Consider removing the AuthenticationProvider bean. Alternatively, consider using the UserDetailsService in a manually instantiated DaoAuthenticationProvider. If the current configuration is intentional, to turn off this warning, increase the logging level of 'org.springframework.security.config.annotation.authentication.configuration.InitializeUserDetailsBeanManagerConfigurer' to ERROR
time=2025-09-12 15 | level=WARN | thread=restartedMain | logger=JpaBaseConfiguration$JpaWebConfiguration.openEntityManagerInViewInterceptor:258 | msg=spring.jpa.open-in-view is enabled by default. Therefore, database queries may be performed during view rendering. Explicitly configure spring.jpa.open-in-view to disable this warning
time=2025-09-12 15 | level=INFO | thread=restartedMain | logger=OptionalLiveReloadServer.startServer:59 | msg=LiveReload server is running on port 35729
time=2025-09-12 15 | level=INFO | thread=restartedMain | logger=Http11NioProtocol.log:168 | msg=Starting ProtocolHandler ["http-nio-8080"]
time=2025-09-12 15 | level=INFO | thread=restartedMain | logger=TomcatWebServer.start:243 | msg=Tomcat started on port 8080 (http) with context path '/'
time=2025-09-12 15 | level=INFO | thread=restartedMain | logger=AirlinesManagementApplication.logStarted:59 | msg=Started AirlinesManagementApplication in 20.322 seconds (process running for 22.378)
time=2025-09-12 15 | level=INFO | thread=http-nio-8080-exec-3 | logger=[/].log:168 | msg=Initializing Spring DispatcherServlet 'dispatcherServlet'
time=2025-09-12 15 | level=INFO | thread=http-nio-8080-exec-3 | logger=DispatcherServlet.initServletBean:532 | msg=Initializing Servlet 'dispatcherServlet'
time=2025-09-12 15 | level=INFO | thread=http-nio-8080-exec-3 | logger=DispatcherServlet.initServletBean:554 | msg=Completed initialization in 6 ms
time=2025-09-12 15 | level=INFO | thread=background-preinit | logger=Version.<clinit>:21 | msg=HV000001: Hibernate Validator 8.0.2.Final
time=2025-09-12 15 | level=INFO | thread=restartedMain | logger=AirlinesManagementApplication.logStarting:53 | msg=Starting AirlinesManagementApplication using Java 23.0.1 with PID 13416 (C:\Users\sanat.a.kumar\eclipse-workspace\AirlinesManagement\target\classes started by sanat.a.kumar in C:\Users\sanat.a.kumar\eclipse-workspace\AirlinesManagement)
time=2025-09-12 15 | level=INFO | thread=restartedMain | logger=AirlinesManagementApplication.logStartupProfileInfo:652 | msg=No active profile set, falling back to 1 default profile: "default"
time=2025-09-12 15 | level=INFO | thread=restartedMain | logger=DevToolsPropertyDefaultsPostProcessor.logTo:252 | msg=Devtools property defaults active! Set 'spring.devtools.add-properties' to 'false' to disable
time=2025-09-12 15 | level=INFO | thread=restartedMain | logger=DevToolsPropertyDefaultsPostProcessor.logTo:252 | msg=For additional web related logging consider setting the 'logging.level.web' property to 'DEBUG'
time=2025-09-12 15 | level=INFO | thread=restartedMain | logger=RepositoryConfigurationDelegate.registerRepositoriesIn:145 | msg=Bootstrapping Spring Data JPA repositories in DEFAULT mode.
time=2025-09-12 15 | level=INFO | thread=restartedMain | logger=RepositoryConfigurationDelegate.registerRepositoriesIn:213 | msg=Finished Spring Data repository scanning in 80 ms. Found 3 JPA repository interfaces.
time=2025-09-12 15 | level=INFO | thread=restartedMain | logger=TomcatWebServer.initialize:111 | msg=Tomcat initialized with port 8080 (http)
time=2025-09-12 15 | level=INFO | thread=restartedMain | logger=Http11NioProtocol.log:168 | msg=Initializing ProtocolHandler ["http-nio-8080"]
time=2025-09-12 15 | level=INFO | thread=restartedMain | logger=StandardService.log:168 | msg=Starting service [Tomcat]
time=2025-09-12 15 | level=INFO | thread=restartedMain | logger=StandardEngine.log:168 | msg=Starting Servlet engine: [Apache Tomcat/10.1.43]
time=2025-09-12 15 | level=INFO | thread=restartedMain | logger=[/].log:168 | msg=Initializing Spring embedded WebApplicationContext
time=2025-09-12 15 | level=INFO | thread=restartedMain | logger=ServletWebServerApplicationContext.prepareWebApplicationContext:301 | msg=Root WebApplicationContext: initialization completed in 2596 ms
time=2025-09-12 15 | level=INFO | thread=restartedMain | logger=LogHelper.logPersistenceUnitInformation:31 | msg=HHH000204: Processing PersistenceUnitInfo [name: default]
time=2025-09-12 15 | level=INFO | thread=restartedMain | logger=Version.logVersion:44 | msg=HHH000412: Hibernate ORM core version 6.6.22.Final
time=2025-09-12 15 | level=INFO | thread=restartedMain | logger=RegionFactoryInitiator.initiateService:50 | msg=HHH000026: Second-level cache disabled
time=2025-09-12 15 | level=INFO | thread=restartedMain | logger=SpringPersistenceUnitInfo.addTransformer:87 | msg=No LoadTimeWeaver setup: ignoring JPA class transformer
time=2025-09-12 15 | level=INFO | thread=restartedMain | logger=HikariDataSource.getConnection:109 | msg=HikariPool-1 - Starting...
time=2025-09-12 15 | level=INFO | thread=restartedMain | logger=HikariPool.checkFailFast:580 | msg=HikariPool-1 - Added connection com.mysql.cj.jdbc.ConnectionImpl@418596b
time=2025-09-12 15 | level=INFO | thread=restartedMain | logger=HikariDataSource.getConnection:122 | msg=HikariPool-1 - Start completed.
time=2025-09-12 15 | level=INFO | thread=restartedMain | logger=pooling.logConnectionInfo:163 | msg=HHH10001005: Database info:
	Database JDBC URL [Connecting through datasource 'HikariDataSource (HikariPool-1)']
	Database driver: undefined/unknown
	Database version: 8.4
	Autocommit mode: undefined/unknown
	Isolation level: undefined/unknown
	Minimum pool size: undefined/unknown
	Maximum pool size: undefined/unknown
time=2025-09-12 15 | level=INFO | thread=restartedMain | logger=JtaPlatformInitiator.initiateService:59 | msg=HHH000489: No JTA platform available (set 'hibernate.transaction.jta.platform' to enable JTA platform integration)
time=2025-09-12 15 | level=INFO | thread=restartedMain | logger=LocalContainerEntityManagerFactoryBean.buildNativeEntityManagerFactory:447 | msg=Initialized JPA EntityManagerFactory for persistence unit 'default'
time=2025-09-12 15 | level=INFO | thread=restartedMain | logger=QueryEnhancerFactory.<clinit>:49 | msg=Hibernate is in classpath; If applicable, HQL parser will be used.
time=2025-09-12 15 | level=INFO | thread=restartedMain | logger=InitializeAuthenticationProviderBeanManagerConfigurer$InitializeAuthenticationProviderManagerConfigurer.configure:80 | msg=Global AuthenticationManager configured with AuthenticationProvider bean with name authProvider
time=2025-09-12 15 | level=WARN | thread=restartedMain | logger=InitializeUserDetailsBeanManagerConfigurer$InitializeUserDetailsManagerConfigurer.configure:73 | msg=Global AuthenticationManager configured with an AuthenticationProvider bean. UserDetailsService beans will not be used by Spring Security for automatically configuring username/password login. Consider removing the AuthenticationProvider bean. Alternatively, consider using the UserDetailsService in a manually instantiated DaoAuthenticationProvider. If the current configuration is intentional, to turn off this warning, increase the logging level of 'org.springframework.security.config.annotation.authentication.configuration.InitializeUserDetailsBeanManagerConfigurer' to ERROR
time=2025-09-12 15 | level=WARN | thread=restartedMain | logger=JpaBaseConfiguration$JpaWebConfiguration.openEntityManagerInViewInterceptor:258 | msg=spring.jpa.open-in-view is enabled by default. Therefore, database queries may be performed during view rendering. Explicitly configure spring.jpa.open-in-view to disable this warning
time=2025-09-12 15 | level=INFO | thread=restartedMain | logger=OptionalLiveReloadServer.startServer:59 | msg=LiveReload server is running on port 35729
time=2025-09-12 15 | level=INFO | thread=restartedMain | logger=Http11NioProtocol.log:168 | msg=Starting ProtocolHandler ["http-nio-8080"]
time=2025-09-12 15 | level=INFO | thread=restartedMain | logger=TomcatWebServer.start:243 | msg=Tomcat started on port 8080 (http) with context path '/'
time=2025-09-12 15 | level=INFO | thread=restartedMain | logger=AirlinesManagementApplication.logStarted:59 | msg=Started AirlinesManagementApplication in 10.005 seconds (process running for 11.07)
time=2025-09-12 15 | level=INFO | thread=http-nio-8080-exec-2 | logger=[/].log:168 | msg=Initializing Spring DispatcherServlet 'dispatcherServlet'
time=2025-09-12 15 | level=INFO | thread=http-nio-8080-exec-2 | logger=DispatcherServlet.initServletBean:532 | msg=Initializing Servlet 'dispatcherServlet'
time=2025-09-12 15 | level=INFO | thread=http-nio-8080-exec-2 | logger=DispatcherServlet.initServletBean:554 | msg=Completed initialization in 1 ms
time=2025-09-12 15 | level=INFO | thread=background-preinit | logger=Version.<clinit>:21 | msg=HV000001: Hibernate Validator 8.0.2.Final
time=2025-09-12 15 | level=INFO | thread=restartedMain | logger=AirlinesManagementApplication.logStarting:53 | msg=Starting AirlinesManagementApplication using Java 23.0.1 with PID 26812 (C:\Users\sanat.a.kumar\eclipse-workspace\AirlinesManagement\target\classes started by sanat.a.kumar in C:\Users\sanat.a.kumar\eclipse-workspace\AirlinesManagement)
time=2025-09-12 15 | level=INFO | thread=restartedMain | logger=AirlinesManagementApplication.logStartupProfileInfo:652 | msg=No active profile set, falling back to 1 default profile: "default"
time=2025-09-12 15 | level=INFO | thread=restartedMain | logger=DevToolsPropertyDefaultsPostProcessor.logTo:252 | msg=Devtools property defaults active! Set 'spring.devtools.add-properties' to 'false' to disable
time=2025-09-12 15 | level=INFO | thread=restartedMain | logger=DevToolsPropertyDefaultsPostProcessor.logTo:252 | msg=For additional web related logging consider setting the 'logging.level.web' property to 'DEBUG'
time=2025-09-12 15 | level=INFO | thread=restartedMain | logger=RepositoryConfigurationDelegate.registerRepositoriesIn:145 | msg=Bootstrapping Spring Data JPA repositories in DEFAULT mode.
time=2025-09-12 15 | level=INFO | thread=restartedMain | logger=RepositoryConfigurationDelegate.registerRepositoriesIn:213 | msg=Finished Spring Data repository scanning in 207 ms. Found 3 JPA repository interfaces.
time=2025-09-12 15 | level=INFO | thread=restartedMain | logger=TomcatWebServer.initialize:111 | msg=Tomcat initialized with port 8080 (http)
time=2025-09-12 15 | level=INFO | thread=restartedMain | logger=Http11NioProtocol.log:168 | msg=Initializing ProtocolHandler ["http-nio-8080"]
time=2025-09-12 15 | level=INFO | thread=restartedMain | logger=StandardService.log:168 | msg=Starting service [Tomcat]
time=2025-09-12 15 | level=INFO | thread=restartedMain | logger=StandardEngine.log:168 | msg=Starting Servlet engine: [Apache Tomcat/10.1.43]
time=2025-09-12 15 | level=INFO | thread=restartedMain | logger=[/].log:168 | msg=Initializing Spring embedded WebApplicationContext
time=2025-09-12 15 | level=INFO | thread=restartedMain | logger=ServletWebServerApplicationContext.prepareWebApplicationContext:301 | msg=Root WebApplicationContext: initialization completed in 6703 ms
time=2025-09-12 15 | level=INFO | thread=restartedMain | logger=LogHelper.logPersistenceUnitInformation:31 | msg=HHH000204: Processing PersistenceUnitInfo [name: default]
time=2025-09-12 15 | level=INFO | thread=restartedMain | logger=Version.logVersion:44 | msg=HHH000412: Hibernate ORM core version 6.6.22.Final
time=2025-09-12 15 | level=INFO | thread=restartedMain | logger=RegionFactoryInitiator.initiateService:50 | msg=HHH000026: Second-level cache disabled
time=2025-09-12 15 | level=INFO | thread=restartedMain | logger=SpringPersistenceUnitInfo.addTransformer:87 | msg=No LoadTimeWeaver setup: ignoring JPA class transformer
time=2025-09-12 15 | level=INFO | thread=restartedMain | logger=HikariDataSource.getConnection:109 | msg=HikariPool-1 - Starting...
time=2025-09-12 15 | level=INFO | thread=restartedMain | logger=HikariPool.checkFailFast:580 | msg=HikariPool-1 - Added connection com.mysql.cj.jdbc.ConnectionImpl@7f05a9f2
time=2025-09-12 15 | level=INFO | thread=restartedMain | logger=HikariDataSource.getConnection:122 | msg=HikariPool-1 - Start completed.
time=2025-09-12 15 | level=INFO | thread=restartedMain | logger=pooling.logConnectionInfo:163 | msg=HHH10001005: Database info:
	Database JDBC URL [Connecting through datasource 'HikariDataSource (HikariPool-1)']
	Database driver: undefined/unknown
	Database version: 8.4
	Autocommit mode: undefined/unknown
	Isolation level: undefined/unknown
	Minimum pool size: undefined/unknown
	Maximum pool size: undefined/unknown
time=2025-09-12 15 | level=INFO | thread=restartedMain | logger=JtaPlatformInitiator.initiateService:59 | msg=HHH000489: No JTA platform available (set 'hibernate.transaction.jta.platform' to enable JTA platform integration)
time=2025-09-12 15 | level=INFO | thread=restartedMain | logger=LocalContainerEntityManagerFactoryBean.buildNativeEntityManagerFactory:447 | msg=Initialized JPA EntityManagerFactory for persistence unit 'default'
time=2025-09-12 15 | level=INFO | thread=restartedMain | logger=QueryEnhancerFactory.<clinit>:49 | msg=Hibernate is in classpath; If applicable, HQL parser will be used.
time=2025-09-12 15 | level=INFO | thread=restartedMain | logger=InitializeAuthenticationProviderBeanManagerConfigurer$InitializeAuthenticationProviderManagerConfigurer.configure:80 | msg=Global AuthenticationManager configured with AuthenticationProvider bean with name authProvider
time=2025-09-12 15 | level=WARN | thread=restartedMain | logger=InitializeUserDetailsBeanManagerConfigurer$InitializeUserDetailsManagerConfigurer.configure:73 | msg=Global AuthenticationManager configured with an AuthenticationProvider bean. UserDetailsService beans will not be used by Spring Security for automatically configuring username/password login. Consider removing the AuthenticationProvider bean. Alternatively, consider using the UserDetailsService in a manually instantiated DaoAuthenticationProvider. If the current configuration is intentional, to turn off this warning, increase the logging level of 'org.springframework.security.config.annotation.authentication.configuration.InitializeUserDetailsBeanManagerConfigurer' to ERROR
time=2025-09-12 15 | level=WARN | thread=restartedMain | logger=JpaBaseConfiguration$JpaWebConfiguration.openEntityManagerInViewInterceptor:258 | msg=spring.jpa.open-in-view is enabled by default. Therefore, database queries may be performed during view rendering. Explicitly configure spring.jpa.open-in-view to disable this warning
time=2025-09-12 15 | level=INFO | thread=restartedMain | logger=OptionalLiveReloadServer.startServer:59 | msg=LiveReload server is running on port 35729
time=2025-09-12 15 | level=INFO | thread=restartedMain | logger=Http11NioProtocol.log:168 | msg=Starting ProtocolHandler ["http-nio-8080"]
time=2025-09-12 15 | level=INFO | thread=restartedMain | logger=TomcatWebServer.start:243 | msg=Tomcat started on port 8080 (http) with context path '/'
time=2025-09-12 15 | level=INFO | thread=restartedMain | logger=AirlinesManagementApplication.logStarted:59 | msg=Started AirlinesManagementApplication in 24.782 seconds (process running for 27.013)
time=2025-09-12 15 | level=INFO | thread=background-preinit | logger=Version.<clinit>:21 | msg=HV000001: Hibernate Validator 8.0.2.Final
time=2025-09-12 15 | level=INFO | thread=restartedMain | logger=AirlinesManagementApplication.logStarting:53 | msg=Starting AirlinesManagementApplication using Java 23.0.1 with PID 1300 (C:\Users\sanat.a.kumar\eclipse-workspace\AirlinesManagement\target\classes started by sanat.a.kumar in C:\Users\sanat.a.kumar\eclipse-workspace\AirlinesManagement)
time=2025-09-12 15 | level=INFO | thread=restartedMain | logger=AirlinesManagementApplication.logStartupProfileInfo:652 | msg=No active profile set, falling back to 1 default profile: "default"
time=2025-09-12 15 | level=INFO | thread=restartedMain | logger=DevToolsPropertyDefaultsPostProcessor.logTo:252 | msg=Devtools property defaults active! Set 'spring.devtools.add-properties' to 'false' to disable
time=2025-09-12 15 | level=INFO | thread=restartedMain | logger=DevToolsPropertyDefaultsPostProcessor.logTo:252 | msg=For additional web related logging consider setting the 'logging.level.web' property to 'DEBUG'
time=2025-09-12 15 | level=INFO | thread=http-nio-8080-exec-1 | logger=[/].log:168 | msg=Initializing Spring DispatcherServlet 'dispatcherServlet'
time=2025-09-12 15 | level=INFO | thread=http-nio-8080-exec-1 | logger=DispatcherServlet.initServletBean:532 | msg=Initializing Servlet 'dispatcherServlet'
time=2025-09-12 15 | level=INFO | thread=http-nio-8080-exec-1 | logger=DispatcherServlet.initServletBean:554 | msg=Completed initialization in 4 ms
time=2025-09-12 15 | level=INFO | thread=restartedMain | logger=RepositoryConfigurationDelegate.registerRepositoriesIn:145 | msg=Bootstrapping Spring Data JPA repositories in DEFAULT mode.
time=2025-09-12 15 | level=INFO | thread=restartedMain | logger=RepositoryConfigurationDelegate.registerRepositoriesIn:213 | msg=Finished Spring Data repository scanning in 326 ms. Found 3 JPA repository interfaces.
time=2025-09-12 15 | level=INFO | thread=restartedMain | logger=TomcatWebServer.initialize:111 | msg=Tomcat initialized with port 8080 (http)
time=2025-09-12 15 | level=INFO | thread=restartedMain | logger=Http11NioProtocol.log:168 | msg=Initializing ProtocolHandler ["http-nio-8080"]
time=2025-09-12 15 | level=INFO | thread=restartedMain | logger=StandardService.log:168 | msg=Starting service [Tomcat]
time=2025-09-12 15 | level=INFO | thread=restartedMain | logger=StandardEngine.log:168 | msg=Starting Servlet engine: [Apache Tomcat/10.1.43]
time=2025-09-12 15 | level=INFO | thread=restartedMain | logger=[/].log:168 | msg=Initializing Spring embedded WebApplicationContext
time=2025-09-12 15 | level=INFO | thread=restartedMain | logger=ServletWebServerApplicationContext.prepareWebApplicationContext:301 | msg=Root WebApplicationContext: initialization completed in 9093 ms
time=2025-09-12 15 | level=INFO | thread=restartedMain | logger=LogHelper.logPersistenceUnitInformation:31 | msg=HHH000204: Processing PersistenceUnitInfo [name: default]
time=2025-09-12 15 | level=INFO | thread=restartedMain | logger=Version.logVersion:44 | msg=HHH000412: Hibernate ORM core version 6.6.22.Final
time=2025-09-12 15 | level=INFO | thread=restartedMain | logger=RegionFactoryInitiator.initiateService:50 | msg=HHH000026: Second-level cache disabled
time=2025-09-12 15 | level=INFO | thread=restartedMain | logger=SpringPersistenceUnitInfo.addTransformer:87 | msg=No LoadTimeWeaver setup: ignoring JPA class transformer
time=2025-09-12 15 | level=INFO | thread=restartedMain | logger=HikariDataSource.getConnection:109 | msg=HikariPool-1 - Starting...
time=2025-09-12 15 | level=INFO | thread=restartedMain | logger=HikariPool.checkFailFast:580 | msg=HikariPool-1 - Added connection com.mysql.cj.jdbc.ConnectionImpl@4d7470ee
time=2025-09-12 15 | level=INFO | thread=restartedMain | logger=HikariDataSource.getConnection:122 | msg=HikariPool-1 - Start completed.
time=2025-09-12 15 | level=INFO | thread=restartedMain | logger=pooling.logConnectionInfo:163 | msg=HHH10001005: Database info:
	Database JDBC URL [Connecting through datasource 'HikariDataSource (HikariPool-1)']
	Database driver: undefined/unknown
	Database version: 8.4
	Autocommit mode: undefined/unknown
	Isolation level: undefined/unknown
	Minimum pool size: undefined/unknown
	Maximum pool size: undefined/unknown
time=2025-09-12 15 | level=INFO | thread=restartedMain | logger=JtaPlatformInitiator.initiateService:59 | msg=HHH000489: No JTA platform available (set 'hibernate.transaction.jta.platform' to enable JTA platform integration)
time=2025-09-12 15 | level=INFO | thread=restartedMain | logger=LocalContainerEntityManagerFactoryBean.buildNativeEntityManagerFactory:447 | msg=Initialized JPA EntityManagerFactory for persistence unit 'default'
time=2025-09-12 15 | level=INFO | thread=restartedMain | logger=QueryEnhancerFactory.<clinit>:49 | msg=Hibernate is in classpath; If applicable, HQL parser will be used.
time=2025-09-12 15 | level=INFO | thread=restartedMain | logger=InitializeAuthenticationProviderBeanManagerConfigurer$InitializeAuthenticationProviderManagerConfigurer.configure:80 | msg=Global AuthenticationManager configured with AuthenticationProvider bean with name authProvider
time=2025-09-12 15 | level=WARN | thread=restartedMain | logger=InitializeUserDetailsBeanManagerConfigurer$InitializeUserDetailsManagerConfigurer.configure:73 | msg=Global AuthenticationManager configured with an AuthenticationProvider bean. UserDetailsService beans will not be used by Spring Security for automatically configuring username/password login. Consider removing the AuthenticationProvider bean. Alternatively, consider using the UserDetailsService in a manually instantiated DaoAuthenticationProvider. If the current configuration is intentional, to turn off this warning, increase the logging level of 'org.springframework.security.config.annotation.authentication.configuration.InitializeUserDetailsBeanManagerConfigurer' to ERROR
time=2025-09-12 15 | level=WARN | thread=restartedMain | logger=JpaBaseConfiguration$JpaWebConfiguration.openEntityManagerInViewInterceptor:258 | msg=spring.jpa.open-in-view is enabled by default. Therefore, database queries may be performed during view rendering. Explicitly configure spring.jpa.open-in-view to disable this warning
time=2025-09-12 15 | level=WARN | thread=restartedMain | logger=OptionalLiveReloadServer.startServer:62 | msg=Unable to start LiveReload server
time=2025-09-12 15 | level=INFO | thread=restartedMain | logger=Http11NioProtocol.log:168 | msg=Starting ProtocolHandler ["http-nio-8080"]
time=2025-09-12 15 | level=WARN | thread=restartedMain | logger=AnnotationConfigServletWebServerApplicationContext.refresh:635 | msg=Exception encountered during context initialization - cancelling refresh attempt: org.springframework.context.ApplicationContextException: Failed to start bean 'webServerStartStop'
time=2025-09-12 15 | level=INFO | thread=restartedMain | logger=LocalContainerEntityManagerFactoryBean.destroy:660 | msg=Closing JPA EntityManagerFactory for persistence unit 'default'
time=2025-09-12 15 | level=INFO | thread=restartedMain | logger=HikariDataSource.close:349 | msg=HikariPool-1 - Shutdown initiated...
time=2025-09-12 15 | level=INFO | thread=restartedMain | logger=HikariDataSource.close:351 | msg=HikariPool-1 - Shutdown completed.
time=2025-09-12 15 | level=INFO | thread=restartedMain | logger=ConditionEvaluationReportLogger.logMessage:82 | msg=

Error starting ApplicationContext. To display the condition evaluation report re-run your application with 'debug' enabled.
time=2025-09-12 15 | level=ERROR | thread=restartedMain | logger=LoggingFailureAnalysisReporter.report:40 | msg=

***************************
APPLICATION FAILED TO START
***************************

Description:

Web server failed to start. Port 8080 was already in use.

Action:

Identify and stop the process that's listening on port 8080 or configure this application to listen on another port.

time=2025-09-12 15 | level=INFO | thread=background-preinit | logger=Version.<clinit>:21 | msg=HV000001: Hibernate Validator 8.0.2.Final
time=2025-09-12 15 | level=INFO | thread=restartedMain | logger=AirlinesManagementApplication.logStarting:53 | msg=Starting AirlinesManagementApplication using Java 23.0.1 with PID 32044 (C:\Users\sanat.a.kumar\eclipse-workspace\AirlinesManagement\target\classes started by sanat.a.kumar in C:\Users\sanat.a.kumar\eclipse-workspace\AirlinesManagement)
time=2025-09-12 15 | level=INFO | thread=restartedMain | logger=AirlinesManagementApplication.logStartupProfileInfo:652 | msg=No active profile set, falling back to 1 default profile: "default"
time=2025-09-12 15 | level=INFO | thread=restartedMain | logger=DevToolsPropertyDefaultsPostProcessor.logTo:252 | msg=Devtools property defaults active! Set 'spring.devtools.add-properties' to 'false' to disable
time=2025-09-12 15 | level=INFO | thread=restartedMain | logger=DevToolsPropertyDefaultsPostProcessor.logTo:252 | msg=For additional web related logging consider setting the 'logging.level.web' property to 'DEBUG'
time=2025-09-12 15 | level=INFO | thread=restartedMain | logger=RepositoryConfigurationDelegate.registerRepositoriesIn:145 | msg=Bootstrapping Spring Data JPA repositories in DEFAULT mode.
time=2025-09-12 15 | level=INFO | thread=restartedMain | logger=RepositoryConfigurationDelegate.registerRepositoriesIn:213 | msg=Finished Spring Data repository scanning in 99 ms. Found 3 JPA repository interfaces.
time=2025-09-12 15 | level=INFO | thread=restartedMain | logger=TomcatWebServer.initialize:111 | msg=Tomcat initialized with port 8080 (http)
time=2025-09-12 15 | level=INFO | thread=restartedMain | logger=Http11NioProtocol.log:168 | msg=Initializing ProtocolHandler ["http-nio-8080"]
time=2025-09-12 15 | level=INFO | thread=restartedMain | logger=StandardService.log:168 | msg=Starting service [Tomcat]
time=2025-09-12 15 | level=INFO | thread=restartedMain | logger=StandardEngine.log:168 | msg=Starting Servlet engine: [Apache Tomcat/10.1.43]
time=2025-09-12 15 | level=INFO | thread=restartedMain | logger=[/].log:168 | msg=Initializing Spring embedded WebApplicationContext
time=2025-09-12 15 | level=INFO | thread=restartedMain | logger=ServletWebServerApplicationContext.prepareWebApplicationContext:301 | msg=Root WebApplicationContext: initialization completed in 3760 ms
time=2025-09-12 15 | level=INFO | thread=restartedMain | logger=LogHelper.logPersistenceUnitInformation:31 | msg=HHH000204: Processing PersistenceUnitInfo [name: default]
time=2025-09-12 15 | level=INFO | thread=restartedMain | logger=Version.logVersion:44 | msg=HHH000412: Hibernate ORM core version 6.6.22.Final
time=2025-09-12 15 | level=INFO | thread=restartedMain | logger=RegionFactoryInitiator.initiateService:50 | msg=HHH000026: Second-level cache disabled
time=2025-09-12 15 | level=INFO | thread=restartedMain | logger=SpringPersistenceUnitInfo.addTransformer:87 | msg=No LoadTimeWeaver setup: ignoring JPA class transformer
time=2025-09-12 15 | level=INFO | thread=restartedMain | logger=HikariDataSource.getConnection:109 | msg=HikariPool-1 - Starting...
time=2025-09-12 15 | level=INFO | thread=restartedMain | logger=HikariPool.checkFailFast:580 | msg=HikariPool-1 - Added connection com.mysql.cj.jdbc.ConnectionImpl@5ac9a3ea
time=2025-09-12 15 | level=INFO | thread=restartedMain | logger=HikariDataSource.getConnection:122 | msg=HikariPool-1 - Start completed.
time=2025-09-12 15 | level=INFO | thread=restartedMain | logger=pooling.logConnectionInfo:163 | msg=HHH10001005: Database info:
	Database JDBC URL [Connecting through datasource 'HikariDataSource (HikariPool-1)']
	Database driver: undefined/unknown
	Database version: 8.4
	Autocommit mode: undefined/unknown
	Isolation level: undefined/unknown
	Minimum pool size: undefined/unknown
	Maximum pool size: undefined/unknown
time=2025-09-12 15 | level=INFO | thread=restartedMain | logger=JtaPlatformInitiator.initiateService:59 | msg=HHH000489: No JTA platform available (set 'hibernate.transaction.jta.platform' to enable JTA platform integration)
time=2025-09-12 15 | level=INFO | thread=restartedMain | logger=LocalContainerEntityManagerFactoryBean.buildNativeEntityManagerFactory:447 | msg=Initialized JPA EntityManagerFactory for persistence unit 'default'
time=2025-09-12 15 | level=INFO | thread=restartedMain | logger=QueryEnhancerFactory.<clinit>:49 | msg=Hibernate is in classpath; If applicable, HQL parser will be used.
time=2025-09-12 15 | level=INFO | thread=restartedMain | logger=InitializeAuthenticationProviderBeanManagerConfigurer$InitializeAuthenticationProviderManagerConfigurer.configure:80 | msg=Global AuthenticationManager configured with AuthenticationProvider bean with name authProvider
time=2025-09-12 15 | level=WARN | thread=restartedMain | logger=InitializeUserDetailsBeanManagerConfigurer$InitializeUserDetailsManagerConfigurer.configure:73 | msg=Global AuthenticationManager configured with an AuthenticationProvider bean. UserDetailsService beans will not be used by Spring Security for automatically configuring username/password login. Consider removing the AuthenticationProvider bean. Alternatively, consider using the UserDetailsService in a manually instantiated DaoAuthenticationProvider. If the current configuration is intentional, to turn off this warning, increase the logging level of 'org.springframework.security.config.annotation.authentication.configuration.InitializeUserDetailsBeanManagerConfigurer' to ERROR
time=2025-09-12 15 | level=WARN | thread=restartedMain | logger=JpaBaseConfiguration$JpaWebConfiguration.openEntityManagerInViewInterceptor:258 | msg=spring.jpa.open-in-view is enabled by default. Therefore, database queries may be performed during view rendering. Explicitly configure spring.jpa.open-in-view to disable this warning
time=2025-09-12 15 | level=INFO | thread=restartedMain | logger=OptionalLiveReloadServer.startServer:59 | msg=LiveReload server is running on port 35729
time=2025-09-12 15 | level=INFO | thread=restartedMain | logger=Http11NioProtocol.log:168 | msg=Starting ProtocolHandler ["http-nio-8080"]
time=2025-09-12 15 | level=INFO | thread=restartedMain | logger=TomcatWebServer.start:243 | msg=Tomcat started on port 8080 (http) with context path '/'
time=2025-09-12 15 | level=INFO | thread=restartedMain | logger=AirlinesManagementApplication.logStarted:59 | msg=Started AirlinesManagementApplication in 12.215 seconds (process running for 14.084)
time=2025-09-12 15 | level=INFO | thread=http-nio-8080-exec-1 | logger=[/].log:168 | msg=Initializing Spring DispatcherServlet 'dispatcherServlet'
time=2025-09-12 15 | level=INFO | thread=http-nio-8080-exec-1 | logger=DispatcherServlet.initServletBean:532 | msg=Initializing Servlet 'dispatcherServlet'
time=2025-09-12 15 | level=INFO | thread=http-nio-8080-exec-1 | logger=DispatcherServlet.initServletBean:554 | msg=Completed initialization in 1 ms
time=2025-09-12 15 | level=INFO | thread=File Watcher | logger=LocalDevToolsAutoConfiguration$RestartingClassPathChangeChangedEventListener.onApplicationEvent:211 | msg=Restarting due to 1 class path change (0 additions, 0 deletions, 1 modification)
time=2025-09-12 15 | level=INFO | thread=Thread-6 | logger=GracefulShutdown.shutDownGracefully:54 | msg=Commencing graceful shutdown. Waiting for active requests to complete
time=2025-09-12 15 | level=INFO | thread=tomcat-shutdown | logger=Http11NioProtocol.log:168 | msg=Pausing ProtocolHandler ["http-nio-8080"]
time=2025-09-12 15 | level=INFO | thread=tomcat-shutdown | logger=GracefulShutdown.doShutdown:76 | msg=Graceful shutdown complete
time=2025-09-12 15 | level=INFO | thread=Thread-6 | logger=Http11NioProtocol.log:168 | msg=Stopping ProtocolHandler ["http-nio-8080"]
time=2025-09-12 15 | level=INFO | thread=Thread-6 | logger=LocalContainerEntityManagerFactoryBean.destroy:660 | msg=Closing JPA EntityManagerFactory for persistence unit 'default'
time=2025-09-12 15 | level=INFO | thread=Thread-6 | logger=HikariDataSource.close:349 | msg=HikariPool-1 - Shutdown initiated...
time=2025-09-12 15 | level=INFO | thread=Thread-6 | logger=HikariDataSource.close:351 | msg=HikariPool-1 - Shutdown completed.
time=2025-09-12 15 | level=INFO | thread=restartedMain | logger=AirlinesManagementApplication.logStarting:53 | msg=Starting AirlinesManagementApplication using Java 23.0.1 with PID 32044 (C:\Users\sanat.a.kumar\eclipse-workspace\AirlinesManagement\target\classes started by sanat.a.kumar in C:\Users\sanat.a.kumar\eclipse-workspace\AirlinesManagement)
time=2025-09-12 15 | level=INFO | thread=restartedMain | logger=AirlinesManagementApplication.logStartupProfileInfo:652 | msg=No active profile set, falling back to 1 default profile: "default"
time=2025-09-12 15 | level=INFO | thread=restartedMain | logger=RepositoryConfigurationDelegate.registerRepositoriesIn:145 | msg=Bootstrapping Spring Data JPA repositories in DEFAULT mode.
time=2025-09-12 15 | level=INFO | thread=restartedMain | logger=RepositoryConfigurationDelegate.registerRepositoriesIn:213 | msg=Finished Spring Data repository scanning in 43 ms. Found 3 JPA repository interfaces.
time=2025-09-12 15 | level=INFO | thread=restartedMain | logger=TomcatWebServer.initialize:111 | msg=Tomcat initialized with port 8080 (http)
time=2025-09-12 15 | level=INFO | thread=restartedMain | logger=Http11NioProtocol.log:168 | msg=Initializing ProtocolHandler ["http-nio-8080"]
time=2025-09-12 15 | level=INFO | thread=restartedMain | logger=StandardService.log:168 | msg=Starting service [Tomcat]
time=2025-09-12 15 | level=INFO | thread=restartedMain | logger=StandardEngine.log:168 | msg=Starting Servlet engine: [Apache Tomcat/10.1.43]
time=2025-09-12 15 | level=INFO | thread=restartedMain | logger=[/].log:168 | msg=Initializing Spring embedded WebApplicationContext
time=2025-09-12 15 | level=INFO | thread=restartedMain | logger=ServletWebServerApplicationContext.prepareWebApplicationContext:301 | msg=Root WebApplicationContext: initialization completed in 1065 ms
time=2025-09-12 15 | level=INFO | thread=restartedMain | logger=LogHelper.logPersistenceUnitInformation:31 | msg=HHH000204: Processing PersistenceUnitInfo [name: default]
time=2025-09-12 15 | level=INFO | thread=restartedMain | logger=RegionFactoryInitiator.initiateService:50 | msg=HHH000026: Second-level cache disabled
time=2025-09-12 15 | level=INFO | thread=restartedMain | logger=SpringPersistenceUnitInfo.addTransformer:87 | msg=No LoadTimeWeaver setup: ignoring JPA class transformer
time=2025-09-12 15 | level=INFO | thread=restartedMain | logger=HikariDataSource.getConnection:109 | msg=HikariPool-2 - Starting...
time=2025-09-12 15 | level=INFO | thread=restartedMain | logger=HikariPool.checkFailFast:580 | msg=HikariPool-2 - Added connection com.mysql.cj.jdbc.ConnectionImpl@3967aa8d
time=2025-09-12 15 | level=INFO | thread=restartedMain | logger=HikariDataSource.getConnection:122 | msg=HikariPool-2 - Start completed.
time=2025-09-12 15 | level=INFO | thread=restartedMain | logger=pooling.logConnectionInfo:163 | msg=HHH10001005: Database info:
	Database JDBC URL [Connecting through datasource 'HikariDataSource (HikariPool-2)']
	Database driver: undefined/unknown
	Database version: 8.4
	Autocommit mode: undefined/unknown
	Isolation level: undefined/unknown
	Minimum pool size: undefined/unknown
	Maximum pool size: undefined/unknown
time=2025-09-12 15 | level=INFO | thread=restartedMain | logger=JtaPlatformInitiator.initiateService:59 | msg=HHH000489: No JTA platform available (set 'hibernate.transaction.jta.platform' to enable JTA platform integration)
time=2025-09-12 15 | level=INFO | thread=restartedMain | logger=LocalContainerEntityManagerFactoryBean.buildNativeEntityManagerFactory:447 | msg=Initialized JPA EntityManagerFactory for persistence unit 'default'
time=2025-09-12 15 | level=INFO | thread=restartedMain | logger=InitializeAuthenticationProviderBeanManagerConfigurer$InitializeAuthenticationProviderManagerConfigurer.configure:80 | msg=Global AuthenticationManager configured with AuthenticationProvider bean with name authProvider
time=2025-09-12 15 | level=WARN | thread=restartedMain | logger=InitializeUserDetailsBeanManagerConfigurer$InitializeUserDetailsManagerConfigurer.configure:73 | msg=Global AuthenticationManager configured with an AuthenticationProvider bean. UserDetailsService beans will not be used by Spring Security for automatically configuring username/password login. Consider removing the AuthenticationProvider bean. Alternatively, consider using the UserDetailsService in a manually instantiated DaoAuthenticationProvider. If the current configuration is intentional, to turn off this warning, increase the logging level of 'org.springframework.security.config.annotation.authentication.configuration.InitializeUserDetailsBeanManagerConfigurer' to ERROR
time=2025-09-12 15 | level=WARN | thread=restartedMain | logger=JpaBaseConfiguration$JpaWebConfiguration.openEntityManagerInViewInterceptor:258 | msg=spring.jpa.open-in-view is enabled by default. Therefore, database queries may be performed during view rendering. Explicitly configure spring.jpa.open-in-view to disable this warning
time=2025-09-12 15 | level=INFO | thread=restartedMain | logger=OptionalLiveReloadServer.startServer:59 | msg=LiveReload server is running on port 35729
time=2025-09-12 15 | level=INFO | thread=restartedMain | logger=Http11NioProtocol.log:168 | msg=Starting ProtocolHandler ["http-nio-8080"]
time=2025-09-12 15 | level=INFO | thread=restartedMain | logger=TomcatWebServer.start:243 | msg=Tomcat started on port 8080 (http) with context path '/'
time=2025-09-12 15 | level=INFO | thread=restartedMain | logger=AirlinesManagementApplication.logStarted:59 | msg=Started AirlinesManagementApplication in 2.838 seconds (process running for 2193.964)
time=2025-09-12 15 | level=INFO | thread=restartedMain | logger=ConditionEvaluationDeltaLoggingListener.onApplicationEvent:63 | msg=Condition evaluation unchanged
